2022-07-21 09:59:31.061 INFO  [main           ] com.young.test1.TestApplication                    : 55 logStarting Starting TestApplication using Java 1.8.0_112 on WINDOWS-1EJ7IL9 with PID 8188 (E:\IDEA_code\test\target\classes started by EDY in E:\IDEA_code\test)
2022-07-21 09:59:31.064 INFO  [main           ] com.young.test1.TestApplication                    : 634 logStartupProfileInfo No active profile set, falling back to 1 default profile: "default"
2022-07-21 09:59:32.291 INFO  [main           ] o.s.boot.web.embedded.tomcat.TomcatWebServer       : 108 initialize Tomcat initialized with port(s): 8080 (http)
2022-07-21 09:59:32.298 INFO  [main           ] org.apache.coyote.http11.Http11NioProtocol         : 173 log Initializing ProtocolHandler ["http-nio-8080"]
2022-07-21 09:59:32.299 INFO  [main           ] org.apache.catalina.core.StandardService           : 173 log Starting service [Tomcat]
2022-07-21 09:59:32.299 INFO  [main           ] org.apache.catalina.core.StandardEngine            : 173 log Starting Servlet engine: [Apache Tomcat/9.0.64]
2022-07-21 09:59:32.418 INFO  [main           ] o.a.c.core.ContainerBase.[Tomcat].[localhost].[/]  : 173 log Initializing Spring embedded WebApplicationContext
2022-07-21 09:59:32.418 INFO  [main           ] o.s.b.w.s.c.ServletWebServerApplicationContext     : 292 prepareWebApplicationContext Root WebApplicationContext: initialization completed in 1304 ms
2022-07-21 09:59:32.459 INFO  [main           ] org.apache.catalina.core.StandardService           : 173 log Stopping service [Tomcat]
2022-07-21 09:59:32.481 INFO  [main           ] o.s.b.a.l.ConditionEvaluationReportLoggingListener : 136 logMessage 

Error starting ApplicationContext. To display the conditions report re-run your application with 'debug' enabled.
2022-07-21 10:00:57.300 INFO  [main           ] com.young.test1.TestApplication                    : 55 logStarting Starting TestApplication using Java 1.8.0_112 on WINDOWS-1EJ7IL9 with PID 2948 (E:\IDEA_code\test\target\classes started by EDY in E:\IDEA_code\test)
2022-07-21 10:00:57.302 INFO  [main           ] com.young.test1.TestApplication                    : 634 logStartupProfileInfo No active profile set, falling back to 1 default profile: "default"
2022-07-21 10:00:57.950 INFO  [main           ] o.s.boot.web.embedded.tomcat.TomcatWebServer       : 108 initialize Tomcat initialized with port(s): 8080 (http)
2022-07-21 10:00:57.955 INFO  [main           ] org.apache.coyote.http11.Http11NioProtocol         : 173 log Initializing ProtocolHandler ["http-nio-8080"]
2022-07-21 10:00:57.956 INFO  [main           ] org.apache.catalina.core.StandardService           : 173 log Starting service [Tomcat]
2022-07-21 10:00:57.956 INFO  [main           ] org.apache.catalina.core.StandardEngine            : 173 log Starting Servlet engine: [Apache Tomcat/9.0.64]
2022-07-21 10:00:58.036 INFO  [main           ] o.a.c.core.ContainerBase.[Tomcat].[localhost].[/]  : 173 log Initializing Spring embedded WebApplicationContext
2022-07-21 10:00:58.036 INFO  [main           ] o.s.b.w.s.c.ServletWebServerApplicationContext     : 292 prepareWebApplicationContext Root WebApplicationContext: initialization completed in 710 ms
2022-07-21 10:00:58.071 INFO  [main           ] org.apache.catalina.core.StandardService           : 173 log Stopping service [Tomcat]
2022-07-21 10:00:58.080 INFO  [main           ] o.s.b.a.l.ConditionEvaluationReportLoggingListener : 136 logMessage 

Error starting ApplicationContext. To display the conditions report re-run your application with 'debug' enabled.
2022-07-21 10:04:23.788 INFO  [main           ] com.young.test1.TestApplication                    : 55 logStarting Starting TestApplication using Java 1.8.0_112 on WINDOWS-1EJ7IL9 with PID 25228 (E:\IDEA_code\test\target\classes started by EDY in E:\IDEA_code\test)
2022-07-21 10:04:23.790 INFO  [main           ] com.young.test1.TestApplication                    : 634 logStartupProfileInfo No active profile set, falling back to 1 default profile: "default"
2022-07-21 10:04:24.436 INFO  [main           ] o.s.boot.web.embedded.tomcat.TomcatWebServer       : 108 initialize Tomcat initialized with port(s): 8080 (http)
2022-07-21 10:04:24.441 INFO  [main           ] org.apache.coyote.http11.Http11NioProtocol         : 173 log Initializing ProtocolHandler ["http-nio-8080"]
2022-07-21 10:04:24.442 INFO  [main           ] org.apache.catalina.core.StandardService           : 173 log Starting service [Tomcat]
2022-07-21 10:04:24.442 INFO  [main           ] org.apache.catalina.core.StandardEngine            : 173 log Starting Servlet engine: [Apache Tomcat/9.0.64]
2022-07-21 10:04:24.523 INFO  [main           ] o.a.c.core.ContainerBase.[Tomcat].[localhost].[/]  : 173 log Initializing Spring embedded WebApplicationContext
2022-07-21 10:04:24.524 INFO  [main           ] o.s.b.w.s.c.ServletWebServerApplicationContext     : 292 prepareWebApplicationContext Root WebApplicationContext: initialization completed in 704 ms
2022-07-21 10:04:25.190 INFO  [main           ] org.apache.coyote.http11.Http11NioProtocol         : 173 log Starting ProtocolHandler ["http-nio-8080"]
2022-07-21 10:04:25.203 INFO  [main           ] o.s.boot.web.embedded.tomcat.TomcatWebServer       : 220 start Tomcat started on port(s): 8080 (http) with context path ''
2022-07-21 10:04:25.213 INFO  [main           ] com.young.test1.TestApplication                    : 61 logStarted Started TestApplication in 1.77 seconds (JVM running for 2.647)
2022-07-21 10:08:14.678 INFO  [main           ] com.young.test1.TestApplication                    : 55 logStarting Starting TestApplication using Java 1.8.0_112 on WINDOWS-1EJ7IL9 with PID 664 (E:\IDEA_code\test\target\classes started by EDY in E:\IDEA_code\test)
2022-07-21 10:08:14.680 INFO  [main           ] com.young.test1.TestApplication                    : 634 logStartupProfileInfo No active profile set, falling back to 1 default profile: "default"
2022-07-21 10:08:15.301 INFO  [main           ] o.s.boot.web.embedded.tomcat.TomcatWebServer       : 108 initialize Tomcat initialized with port(s): 8080 (http)
2022-07-21 10:08:15.307 INFO  [main           ] org.apache.coyote.http11.Http11NioProtocol         : 173 log Initializing ProtocolHandler ["http-nio-8080"]
2022-07-21 10:08:15.307 INFO  [main           ] org.apache.catalina.core.StandardService           : 173 log Starting service [Tomcat]
2022-07-21 10:08:15.307 INFO  [main           ] org.apache.catalina.core.StandardEngine            : 173 log Starting Servlet engine: [Apache Tomcat/9.0.64]
2022-07-21 10:08:15.393 INFO  [main           ] o.a.c.core.ContainerBase.[Tomcat].[localhost].[/]  : 173 log Initializing Spring embedded WebApplicationContext
2022-07-21 10:08:15.394 INFO  [main           ] o.s.b.w.s.c.ServletWebServerApplicationContext     : 292 prepareWebApplicationContext Root WebApplicationContext: initialization completed in 685 ms
2022-07-21 10:08:15.741 INFO  [main           ] org.apache.coyote.http11.Http11NioProtocol         : 173 log Starting ProtocolHandler ["http-nio-8080"]
2022-07-21 10:08:15.752 INFO  [main           ] o.s.boot.web.embedded.tomcat.TomcatWebServer       : 220 start Tomcat started on port(s): 8080 (http) with context path ''
2022-07-21 10:08:15.758 INFO  [main           ] com.young.test1.TestApplication                    : 61 logStarted Started TestApplication in 1.414 seconds (JVM running for 2.306)
